# JRE version: Java(TM) SE Runtime Environment (8.0_261-b12) (build 1.8.0_261-b12)
# Java VM: Java HotSpot(TM) 64-Bit Server VM (25.261-b12 mixed mode linux-amd64 compressed oops)
Heap:
 PSYoungGen      total 470528K, used 19949K [0x00000000d7b00000, 0x00000000f5a00000, 0x0000000100000000)
  eden space 450560K, 0% used [0x00000000d7b00000,0x00000000d7b00000,0x00000000f3300000)
  from space 19968K, 99% used [0x00000000f3300000,0x00000000f467b5e0,0x00000000f4680000)
  to   space 13312K, 0% used [0x00000000f4d00000,0x00000000f4d00000,0x00000000f5a00000)
 ParOldGen       total 93184K, used 32394K [0x0000000087000000, 0x000000008cb00000, 0x00000000d7b00000)
  object space 93184K, 34% used [0x0000000087000000,0x0000000088fa2bc0,0x000000008cb00000)
 Metaspace       used 73079K, capacity 76316K, committed 76564K, reserved 1116160K
  class space    used 9958K, capacity 10474K, committed 10556K, reserved 1048576K
GC Heap History (10 events):
Event: 6,089 GC heap after
Heap after GC invocations=11 (full 1):
 PSYoungGen      total 321536K, used 9499K [0x00000000d7b00000, 0x00000000efd00000, 0x0000000100000000)
  eden space 307200K, 0% used [0x00000000d7b00000,0x00000000d7b00000,0x00000000ea700000)
  from space 14336K, 66% used [0x00000000eb500000,0x00000000ebe46c00,0x00000000ec300000)
  to   space 14336K, 0% used [0x00000000ea700000,0x00000000ea700000,0x00000000eb500000)
 ParOldGen       total 47616K, used 18018K [0x0000000087000000, 0x0000000089e80000, 0x00000000d7b00000)
  object space 47616K, 37% used [0x0000000087000000,0x00000000881989f0,0x0000000089e80000)
 Metaspace       used 33756K, capacity 35372K, committed 35416K, reserved 1079296K
  class space    used 4427K, capacity 4730K, committed 4736K, reserved 1048576K
}
Event: 6,089 GC heap before
{Heap before GC invocations=12 (full 2):
 PSYoungGen      total 321536K, used 9499K [0x00000000d7b00000, 0x00000000efd00000, 0x0000000100000000)
  eden space 307200K, 0% used [0x00000000d7b00000,0x00000000d7b00000,0x00000000ea700000)
  from space 14336K, 66% used [0x00000000eb500000,0x00000000ebe46c00,0x00000000ec300000)
  to   space 14336K, 0% used [0x00000000ea700000,0x00000000ea700000,0x00000000eb500000)
 ParOldGen       total 47616K, used 18018K [0x0000000087000000, 0x0000000089e80000, 0x00000000d7b00000)
  object space 47616K, 37% used [0x0000000087000000,0x00000000881989f0,0x0000000089e80000)
 Metaspace       used 33756K, capacity 35372K, committed 35416K, reserved 1079296K
  class space    used 4427K, capacity 4730K, committed 4736K, reserved 1048576K
Event: 6,146 GC heap after
Heap after GC invocations=12 (full 2):
 PSYoungGen      total 321536K, used 0K [0x00000000d7b00000, 0x00000000efd00000, 0x0000000100000000)
  eden space 307200K, 0% used [0x00000000d7b00000,0x00000000d7b00000,0x00000000ea700000)
  from space 14336K, 0% used [0x00000000eb500000,0x00000000eb500000,0x00000000ec300000)
  to   space 14336K, 0% used [0x00000000ea700000,0x00000000ea700000,0x00000000eb500000)
 ParOldGen       total 68608K, used 18745K [0x0000000087000000, 0x000000008b300000, 0x00000000d7b00000)
  object space 68608K, 27% used [0x0000000087000000,0x000000008824e780,0x000000008b300000)
 Metaspace       used 33756K, capacity 35372K, committed 35416K, reserved 1079296K
  class space    used 4427K, capacity 4730K, committed 4736K, reserved 1048576K
}
Event: 9,216 GC heap before
{Heap before GC invocations=13 (full 2):
 PSYoungGen      total 321536K, used 307200K [0x00000000d7b00000, 0x00000000efd00000, 0x0000000100000000)
  eden space 307200K, 100% used [0x00000000d7b00000,0x00000000ea700000,0x00000000ea700000)
  from space 14336K, 0% used [0x00000000eb500000,0x00000000eb500000,0x00000000ec300000)
  to   space 14336K, 0% used [0x00000000ea700000,0x00000000ea700000,0x00000000eb500000)
 ParOldGen       total 68608K, used 18745K [0x0000000087000000, 0x000000008b300000, 0x00000000d7b00000)
  object space 68608K, 27% used [0x0000000087000000,0x000000008824e780,0x000000008b300000)
 Metaspace       used 53314K, capacity 55096K, committed 55384K, reserved 1097728K
  class space    used 7160K, capacity 7508K, committed 7552K, reserved 1048576K
Event: 9,251 GC heap after
Heap after GC invocations=13 (full 2):
 PSYoungGen      total 321536K, used 14330K [0x00000000d7b00000, 0x00000000f6100000, 0x0000000100000000)
  eden space 307200K, 0% used [0x00000000d7b00000,0x00000000d7b00000,0x00000000ea700000)
  from space 14336K, 99% used [0x00000000ea700000,0x00000000eb4fea68,0x00000000eb500000)
  to   space 20480K, 0% used [0x00000000f4d00000,0x00000000f4d00000,0x00000000f6100000)
 ParOldGen       total 68608K, used 29238K [0x0000000087000000, 0x000000008b300000, 0x00000000d7b00000)
  object space 68608K, 42% used [0x0000000087000000,0x0000000088c8d8c0,0x000000008b300000)
 Metaspace       used 53314K, capacity 55096K, committed 55384K, reserved 1097728K
  class space    used 7160K, capacity 7508K, committed 7552K, reserved 1048576K
}
Event: 10,694 GC heap before
{Heap before GC invocations=14 (full 2):
 PSYoungGen      total 321536K, used 95017K [0x00000000d7b00000, 0x00000000f6100000, 0x0000000100000000)
  eden space 307200K, 26% used [0x00000000d7b00000,0x00000000dc9cbba8,0x00000000ea700000)
  from space 14336K, 99% used [0x00000000ea700000,0x00000000eb4fea68,0x00000000eb500000)
  to   space 20480K, 0% used [0x00000000f4d00000,0x00000000f4d00000,0x00000000f6100000)
 ParOldGen       total 68608K, used 29238K [0x0000000087000000, 0x000000008b300000, 0x00000000d7b00000)
  object space 68608K, 42% used [0x0000000087000000,0x0000000088c8d8c0,0x000000008b300000)
 Metaspace       used 56891K, capacity 58776K, committed 59028K, reserved 1099776K
  class space    used 7706K, capacity 8076K, committed 8124K, reserved 1048576K
Event: 10,716 GC heap after
Heap after GC invocations=14 (full 2):
 PSYoungGen      total 463872K, used 4462K [0x00000000d7b00000, 0x00000000f5a00000, 0x0000000100000000)
  eden space 450560K, 0% used [0x00000000d7b00000,0x00000000d7b00000,0x00000000f3300000)
  from space 13312K, 33% used [0x00000000f4d00000,0x00000000f515b960,0x00000000f5a00000)
  to   space 19968K, 0% used [0x00000000f3300000,0x00000000f3300000,0x00000000f4680000)
 ParOldGen       total 68608K, used 36785K [0x0000000087000000, 0x000000008b300000, 0x00000000d7b00000)
  object space 68608K, 53% used [0x0000000087000000,0x00000000893ec4e8,0x000000008b300000)
 Metaspace       used 56891K, capacity 58776K, committed 59028K, reserved 1099776K
  class space    used 7706K, capacity 8076K, committed 8124K, reserved 1048576K
}
Event: 10,716 GC heap before
{Heap before GC invocations=15 (full 3):
 PSYoungGen      total 463872K, used 4462K [0x00000000d7b00000, 0x00000000f5a00000, 0x0000000100000000)
  eden space 450560K, 0% used [0x00000000d7b00000,0x00000000d7b00000,0x00000000f3300000)
  from space 13312K, 33% used [0x00000000f4d00000,0x00000000f515b960,0x00000000f5a00000)
  to   space 19968K, 0% used [0x00000000f3300000,0x00000000f3300000,0x00000000f4680000)
 ParOldGen       total 68608K, used 36785K [0x0000000087000000, 0x000000008b300000, 0x00000000d7b00000)
  object space 68608K, 53% used [0x0000000087000000,0x00000000893ec4e8,0x000000008b300000)
 Metaspace       used 56891K, capacity 58776K, committed 59028K, reserved 1099776K
  class space    used 7706K, capacity 8076K, committed 8124K, reserved 1048576K
Event: 10,923 GC heap after
Heap after GC invocations=15 (full 3):
 PSYoungGen      total 463872K, used 0K [0x00000000d7b00000, 0x00000000f5a00000, 0x0000000100000000)
  eden space 450560K, 0% used [0x00000000d7b00000,0x00000000d7b00000,0x00000000f3300000)
  from space 13312K, 0% used [0x00000000f4d00000,0x00000000f4d00000,0x00000000f5a00000)
  to   space 19968K, 0% used [0x00000000f3300000,0x00000000f3300000,0x00000000f4680000)
 ParOldGen       total 93184K, used 29673K [0x0000000087000000, 0x000000008cb00000, 0x00000000d7b00000)
  object space 93184K, 31% used [0x0000000087000000,0x0000000088cfa718,0x000000008cb00000)
 Metaspace       used 56891K, capacity 58776K, committed 59028K, reserved 1099776K
  class space    used 7706K, capacity 8076K, committed 8124K, reserved 1048576K
}
Event: 448,879 GC heap before
{Heap before GC invocations=16 (full 3):
 PSYoungGen      total 463872K, used 450560K [0x00000000d7b00000, 0x00000000f5a00000, 0x0000000100000000)
  eden space 450560K, 100% used [0x00000000d7b00000,0x00000000f3300000,0x00000000f3300000)
  from space 13312K, 0% used [0x00000000f4d00000,0x00000000f4d00000,0x00000000f5a00000)
  to   space 19968K, 0% used [0x00000000f3300000,0x00000000f3300000,0x00000000f4680000)
 ParOldGen       total 93184K, used 29673K [0x0000000087000000, 0x000000008cb00000, 0x00000000d7b00000)
  object space 93184K, 31% used [0x0000000087000000,0x0000000088cfa718,0x000000008cb00000)
 Metaspace       used 73079K, capacity 76316K, committed 76564K, reserved 1116160K
  class space    used 9958K, capacity 10474K, committed 10556K, reserved 1048576K

